2016-05-12 14:54:40,567 ERROR [Worker-1] - System.err - [org.eclipse.debug.core] error can't determine modifiers of missing type org.eclipse.pde.internal.ui.wizards.imports.PluginImportHelper
when weaving type org.eclipse.debug.core.model.IDebugModelProvider
when weaving classes 
when weaving 
 [Xlint:cantFindType]
2016-05-12 14:55:08,221  WARN [ModalContext] - ScalaProject - Project PageRankSp has platform default sourceLevel.
2016-05-12 14:55:08,223  WARN [ModalContext] - ScalaProject - Project PageRankSp runs on platform default installation.
2016-05-12 14:55:08,257 ERROR [ModalContext] - System.err - [org.eclipse.jdt.launching] error can't determine modifiers of missing type org.eclipse.pde.internal.ui.wizards.imports.PluginImportHelper
when weaving type org.eclipse.jdt.internal.launching.JREContainerInitializer
when weaving classes 
when weaving 
 [Xlint:cantFindType]
2016-05-12 14:55:09,777  WARN [ModalContext] - ScalaProject - Project PageRankSp has platform default sourceLevel.
2016-05-12 14:55:09,778  WARN [ModalContext] - ScalaProject - Project PageRankSp runs on platform default installation.
2016-05-12 14:55:11,526  WARN [ModalContext] - ScalaProject - Project PageRankSp has platform default sourceLevel.
2016-05-12 14:55:11,526  WARN [ModalContext] - ScalaProject - Project PageRankSp runs on platform default installation.
2016-05-12 14:55:12,832  WARN [Worker-1] - ScalaProject - Project PageRankSp has platform default sourceLevel.
2016-05-12 14:55:12,832  WARN [Worker-1] - ScalaProject - Project PageRankSp runs on platform default installation.
2016-05-12 14:55:16,119  WARN [main] - org.scala-ide.sdt.core - org.scala-ide.sdt.core - org.scala-ide.sdt.core - 0 - Preference scala.compiler.sourceLevel was uninitialized for PageRankSp, setting default to 2.11.
2016-05-12 14:56:03,588 ERROR [main] - System.err - [org.eclipse.jdt.debug.ui] error can't determine modifiers of missing type org.eclipse.pde.internal.ui.wizards.imports.PluginImportHelper
when weaving type org.eclipse.jdt.internal.debug.ui.actions.ToggleBreakpointAdapter
when weaving classes 
when weaving 
 [Xlint:cantFindType]
2016-05-12 14:56:03,698 ERROR [main] - System.err - [org.eclipse.jdt.debug] error can't determine modifiers of missing type org.eclipse.pde.internal.ui.wizards.imports.PluginImportHelper
when weaving type org.eclipse.jdt.debug.core.IJavaHotCodeReplaceListener
when weaving classes 
when weaving 
 [Xlint:cantFindType]
2016-05-12 14:56:39,125 ERROR [Text Viewer Hover Presenter] - IScalaPresentationCompiler$ - Ignoring InterruptException
2016-05-12 14:56:39,126 ERROR [Text Viewer Hover Presenter] - IScalaPresentationCompiler$ - Ignoring InterruptException
2016-05-12 14:56:39,128 ERROR [Text Viewer Hover Presenter] - IScalaPresentationCompiler$ - Ignoring InterruptException
2016-05-12 15:27:26,118 ERROR [main] - System.err - [org.eclipse.jdt.junit] error can't determine modifiers of missing type org.eclipse.pde.internal.ui.wizards.imports.PluginImportHelper
when weaving type org.eclipse.jdt.internal.junit.ui.JUnitQuickFixProcessor
when weaving classes 
when weaving 
 [Xlint:cantFindType]
2016-05-12 15:45:36,336 ERROR [Text Viewer Hover Presenter] - IScalaPresentationCompiler$ - Ignoring InterruptException
2016-05-12 15:45:36,339 ERROR [Text Viewer Hover Presenter] - IScalaPresentationCompiler$ - Ignoring InterruptException
2016-05-12 15:45:36,339 ERROR [Text Viewer Hover Presenter] - IScalaPresentationCompiler$ - Ignoring InterruptException
